<?xml version="1.0" encoding="UTF-8"?>
<!-- Generated by org.testng.reporters.JUnitReportReporter -->
<testsuite hostname="DESKTOP-0PU2B0L" failures="0" tests="3" name="com.testing.tests.login_AUT" time="62.466" errors="0" timestamp="2020-02-19T15:10:04 IST" skipped="0">
  <testcase classname="com.testing.tests.login_AUT" name="loginUser" time="20.683"/>
  <testcase classname="com.testing.tests.login_AUT" name="loginUser" time="21.120"/>
  <testcase classname="com.testing.tests.login_AUT" name="loginUser" time="20.663"/>
</testsuite> <!-- com.testing.tests.login_AUT -->
