<?xml version="1.0" encoding="UTF-8"?>
<!-- Generated by org.testng.reporters.JUnitReportReporter -->
<testsuite hostname="DESKTOP-0PU2B0L" failures="0" tests="3" name="com.training.sanity.tests.login_AUT" time="107.656" errors="0" timestamp="2020-02-17T15:47:33 IST" skipped="0">
  <testcase classname="com.training.sanity.tests.login_AUT" name="loginUser" time="38.892"/>
  <testcase classname="com.training.sanity.tests.login_AUT" name="loginUser" time="34.177"/>
  <testcase classname="com.training.sanity.tests.login_AUT" name="loginUser" time="34.587"/>
</testsuite> <!-- com.training.sanity.tests.login_AUT -->
