<?xml version="1.0" encoding="UTF-8"?>
<!-- Generated by org.testng.reporters.JUnitReportReporter -->
<testsuite hostname="DESKTOP-0PU2B0L" failures="0" tests="3" name="com.training.sanity.tests.login_AUT" time="73.468" errors="0" timestamp="2020-02-18T16:14:20 IST" skipped="0">
  <testcase classname="com.training.sanity.tests.login_AUT" name="loginUser" time="26.229"/>
  <testcase classname="com.training.sanity.tests.login_AUT" name="loginUser" time="24.305"/>
  <testcase classname="com.training.sanity.tests.login_AUT" name="loginUser" time="22.934"/>
</testsuite> <!-- com.training.sanity.tests.login_AUT -->
