<?xml version="1.0" encoding="UTF-8"?>
<!-- Generated by org.testng.reporters.JUnitReportReporter -->
<testsuite hostname="DESKTOP-0PU2B0L" failures="0" tests="3" name="com.training.sanity.tests.login_AUT" time="58.767" errors="0" timestamp="2020-02-14T17:00:58 IST" skipped="0">
  <testcase classname="com.training.sanity.tests.login_AUT" name="loginUser" time="19.948"/>
  <testcase classname="com.training.sanity.tests.login_AUT" name="loginUser" time="18.581"/>
  <testcase classname="com.training.sanity.tests.login_AUT" name="loginUser" time="20.238"/>
</testsuite> <!-- com.training.sanity.tests.login_AUT -->
